date = 2019-07-29
url = https://techlife.cookpad.com/entry/2019/07/29/100000
date:2019-07-29 url:https://techlife.cookpad.com/entry/2019/07/29/100000
date = 2019-07-24
url = https://techlife.cookpad.com/entry/2019/07/24/113835
date:2019-07-24 url:https://techlife.cookpad.com/entry/2019/07/24/113835
date = 2019-07-17
url = https://techlife.cookpad.com/entry/2019/07/17/110220
date:2019-07-17 url:https://techlife.cookpad.com/entry/2019/07/17/110220
date = 2019-07-13
url = https://techlife.cookpad.com/entry/2019/07/13/055601
date:2019-07-13 url:https://techlife.cookpad.com/entry/2019/07/13/055601
date = 2019-07-12
url = https://techlife.cookpad.com/entry/2019/07/12/100500
date:2019-07-12 url:https://techlife.cookpad.com/entry/2019/07/12/100500
date = 2019-07-10
url = https://techlife.cookpad.com/entry/2019/07/10/083318
date:2019-07-10 url:https://techlife.cookpad.com/entry/2019/07/10/083318
date = 2019-07-08
url = https://techlife.cookpad.com/entry/2019/07/08/100000
date:2019-07-08 url:https://techlife.cookpad.com/entry/2019/07/08/100000
date = 2019-07-05
url = https://techlife.cookpad.com/entry/2019/07/05/100000
date:2019-07-05 url:https://techlife.cookpad.com/entry/2019/07/05/100000
date = 2019-06-27
url = https://techlife.cookpad.com/entry/2019/06/27/114257
date:2019-06-27 url:https://techlife.cookpad.com/entry/2019/06/27/114257
date = 2019-06-26
url = https://techlife.cookpad.com/entry/2019/06/26/182322
date:2019-06-26 url:https://techlife.cookpad.com/entry/2019/06/26/182322
date = 2019-06-25
url = https://techlife.cookpad.com/entry/2019/06/25/120000
date:2019-06-25 url:https://techlife.cookpad.com/entry/2019/06/25/120000
date = 2019-06-21
url = https://techlife.cookpad.com/entry/2019-orcha-bff
date:2019-06-21 url:https://techlife.cookpad.com/entry/2019-orcha-bff
date = 2019-06-17
url = https://techlife.cookpad.com/entry/2019/06/17/123000
date:2019-06-17 url:https://techlife.cookpad.com/entry/2019/06/17/123000
date = 2019-06-14
url = https://techlife.cookpad.com/entry/2019/06/14/160000
date:2019-06-14 url:https://techlife.cookpad.com/entry/2019/06/14/160000
date = 2019-06-05
url = https://techlife.cookpad.com/entry/2019/06/05/120000
date:2019-06-05 url:https://techlife.cookpad.com/entry/2019/06/05/120000
date = 2019-04-26
url = https://techlife.cookpad.com/entry/2019/04/26/110000
date:2019-04-26 url:https://techlife.cookpad.com/entry/2019/04/26/110000
date = 2019-04-25
url = https://techlife.cookpad.com/entry/2019/04/25/122520
date:2019-04-25 url:https://techlife.cookpad.com/entry/2019/04/25/122520
date = 2019-04-23
url = https://techlife.cookpad.com/entry/2019/04/23/060000
date:2019-04-23 url:https://techlife.cookpad.com/entry/2019/04/23/060000
date = 2019-04-19
url = https://techlife.cookpad.com/entry/2019/04/19/182523
date:2019-04-19 url:https://techlife.cookpad.com/entry/2019/04/19/182523
date = 2019-04-17
url = https://techlife.cookpad.com/entry/2019/04/17/014142
date:2019-04-17 url:https://techlife.cookpad.com/entry/2019/04/17/014142
date = 2019-04-16
url = https://techlife.cookpad.com/entry/2019/04/16/164858
date:2019-04-16 url:https://techlife.cookpad.com/entry/2019/04/16/164858
date = 2019-04-15
url = https://techlife.cookpad.com/entry/2019/04/15/182000
date:2019-04-15 url:https://techlife.cookpad.com/entry/2019/04/15/182000
date = 2019-04-12
url = https://techlife.cookpad.com/entry/2019/04/12/180000
date:2019-04-12 url:https://techlife.cookpad.com/entry/2019/04/12/180000
date = 2019-04-11
url = https://techlife.cookpad.com/entry/2019/04/11/130000
date:2019-04-11 url:https://techlife.cookpad.com/entry/2019/04/11/130000
date = 2019-04-10
url = https://techlife.cookpad.com/entry/2019/04/10/180000
date:2019-04-10 url:https://techlife.cookpad.com/entry/2019/04/10/180000
date = 2019-04-09
url = https://techlife.cookpad.com/entry/2019/04/09/111302
date:2019-04-09 url:https://techlife.cookpad.com/entry/2019/04/09/111302
date = 2019-04-08
url = https://techlife.cookpad.com/entry/2019/04/08/120000
date:2019-04-08 url:https://techlife.cookpad.com/entry/2019/04/08/120000
date = 2019-04-05
url = https://techlife.cookpad.com/entry/2019/04/05/110000
date:2019-04-05 url:https://techlife.cookpad.com/entry/2019/04/05/110000
date = 2019-04-03
url = https://techlife.cookpad.com/entry/2019/04/03/221338
date:2019-04-03 url:https://techlife.cookpad.com/entry/2019/04/03/221338
date = 2019-04-02
url = https://techlife.cookpad.com/entry/2019/04/02/181104
date:2019-04-02 url:https://techlife.cookpad.com/entry/2019/04/02/181104
date = 2019.06.29
url = https://florence.or.jp/news/2019/06/post33041/
date:2019.06.29 url:https://florence.or.jp/news/2019/06/post33041/
date = 2019.06.28
url = https://florence.or.jp/news/2019/06/post32890/
date:2019.06.28 url:https://florence.or.jp/news/2019/06/post32890/
date = 2019.06.27
url = https://florence.or.jp/news/2019/06/post32851/
date:2019.06.27 url:https://florence.or.jp/news/2019/06/post32851/
date = 2019.06.25
url = https://florence.or.jp/news/2019/06/post32968/
date:2019.06.25 url:https://florence.or.jp/news/2019/06/post32968/
date = 2019.06.24
url = https://florence.or.jp/news/2019/06/post32758/
date:2019.06.24 url:https://florence.or.jp/news/2019/06/post32758/
date = 2019.06.24
url = https://florence.or.jp/news/2019/06/post32783/
date:2019.06.24 url:https://florence.or.jp/news/2019/06/post32783/
date = 2019.06.23
url = https://florence.or.jp/news/2019/06/post32784/
date:2019.06.23 url:https://florence.or.jp/news/2019/06/post32784/
date = 2019.06.22
url = https://florence.or.jp/news/2019/06/post32859/
date:2019.06.22 url:https://florence.or.jp/news/2019/06/post32859/
date = 2019.06.20
url = https://florence.or.jp/news/2019/06/post32736/
date:2019.06.20 url:https://florence.or.jp/news/2019/06/post32736/
date = 2019.06.19
url = https://florence.or.jp/news/2019/06/post32706/
date:2019.06.19 url:https://florence.or.jp/news/2019/06/post32706/
date = 2019.06.18
url = https://florence.or.jp/news/2019/06/post32606/
date:2019.06.18 url:https://florence.or.jp/news/2019/06/post32606/
date = 2019.06.17
url = https://florence.or.jp/news/2019/06/post32536/
date:2019.06.17 url:https://florence.or.jp/news/2019/06/post32536/
date = 2019/07/21
url = /study/csharp/resource/nullablereferencetype/
date:2019/07/21 url:/study/csharp/resource/nullablereferencetype/
date = 2019/06/09
url = /study/csharp/async/asyncstream/
date:2019/06/09 url:/study/csharp/async/asyncstream/
date = 2019/06/09
url = /study/csharp/misc/miscpatternbased/
date:2019/06/09 url:/study/csharp/misc/miscpatternbased/
date = 2019/06/02
url = /study/csharp/data/dataranges/
date:2019/06/02 url:/study/csharp/data/dataranges/
date = 2019/04/28
url = /study/csharp/cheatsheet/langversionoption/
date:2019/04/28 url:/study/csharp/cheatsheet/langversionoption/
date = 2019/07/27
url = /blog/2019/7/vs16_3_p1/
date:2019/07/27 url:/blog/2019/7/vs16_3_p1/
date = 2019/06/26
url = /blog/2019/6/vs16_2_p3/
date:2019/06/26 url:/blog/2019/6/vs16_2_p3/
date = 2019/06/13
url = /blog/2019/6/vs16_2_p2/
date:2019/06/13 url:/blog/2019/6/vs16_2_p2/
date = 2019/05/24
url = /blog/2019/5/deterministicbuilds/
date:2019/05/24 url:/blog/2019/5/deterministicbuilds/
date = 2019/05/22
url = /blog/2019/5/vs16_2_p1/
date:2019/05/22 url:/blog/2019/5/vs16_2_p1/
2 Message sent..
